#
# There is insufficient memory for the Java Runtime Environment to continue.
# Native memory allocation (malloc) failed to allocate 495632 bytes. Error detail: Chunk::new
# Possible reasons:
#   The system is out of physical RAM or swap space
#   This process is running with CompressedOops enabled, and the Java Heap may be blocking the growth of the native heap
# Possible solutions:
#   Reduce memory load on the system
#   Increase physical memory or swap space
#   Check if swap backing store is full
#   Decrease Java heap size (-Xmx/-Xms)
#   Decrease number of Java threads
#   Decrease Java thread stack sizes (-Xss)
#   Set larger code cache with -XX:ReservedCodeCacheSize=
#   JVM is running with Unscaled Compressed Oops mode in which the Java heap is
#     placed in the first 4GB address space. The Java Heap base address is the
#     maximum limit for the native heap growth. Please use -XX:HeapBaseMinAddress
#     to set the Java Heap base and to place the Java Heap above 4GB virtual address.
# This output file may be truncated or incomplete.
#
#  Out of Memory Error (arena.cpp:168), pid=5480, tid=11024
#
# JRE version: OpenJDK Runtime Environment (21.0.9) (build 21.0.9+-14787801-b1163.94)
# Java VM: OpenJDK 64-Bit Server VM (21.0.9+-14787801-b1163.94, mixed mode, tiered, compressed oops, compressed class ptrs, g1 gc, windows-amd64)
# No core dump will be written. Minidumps are not enabled by default on client versions of Windows
#

---------------  S U M M A R Y ------------

Command Line: --add-opens=java.base/java.lang=ALL-UNNAMED --add-opens=java.base/java.lang.invoke=ALL-UNNAMED --add-opens=java.base/java.util=ALL-UNNAMED --add-opens=java.prefs/java.util.prefs=ALL-UNNAMED --add-exports=jdk.compiler/com.sun.tools.javac.api=ALL-UNNAMED --add-exports=jdk.compiler/com.sun.tools.javac.util=ALL-UNNAMED --add-opens=java.base/java.util=ALL-UNNAMED --add-opens=java.prefs/java.util.prefs=ALL-UNNAMED --add-opens=java.base/java.nio.charset=ALL-UNNAMED --add-opens=java.base/java.net=ALL-UNNAMED --add-opens=java.base/java.util.concurrent=ALL-UNNAMED --add-opens=java.base/java.util.concurrent.atomic=ALL-UNNAMED --add-opens=java.xml/javax.xml.namespace=ALL-UNNAMED --add-opens=java.base/java.time=ALL-UNNAMED -Xmx2048m -Dfile.encoding=UTF-8 -Duser.country=AL -Duser.language=sq -Duser.variant -javaagent:C:\Users\laert\.gradle\wrapper\dists\gradle-9.3.1-bin\23ovyewtku6u96viwx3xl3oks\gradle-9.3.1\lib\agents\gradle-instrumentation-agent-9.3.1.jar org.gradle.launcher.daemon.bootstrap.GradleDaemon 9.3.1

Host: Intel(R) Core(TM) i5-3320M CPU @ 2.60GHz, 4 cores, 7G,  Windows 11 , 64 bit Build 26100 (10.0.26100.7920)
Time: Sat Jun 27 17:56:17 2026 Central Europe Daylight Time elapsed time: 8.948765 seconds (0d 0h 0m 8s)

---------------  T H R E A D  ---------------

Current thread (0x000001f2d3218060):  JavaThread "C2 CompilerThread0" daemon [_thread_in_native, id=11024, stack(0x000000cd59700000,0x000000cd59800000) (1024K)]


Current CompileTask:
C2:8948 4066       4       jdk.internal.loader.URLClassPath$JarLoader$2::getBytes (48 bytes)

Stack: [0x000000cd59700000,0x000000cd59800000]
Native frames: (J=compiled Java code, j=interpreted, Vv=VM code, C=native code)
V  [jvm.dll+0x6d6c99]
V  [jvm.dll+0x866b83]
V  [jvm.dll+0x8691ae]
V  [jvm.dll+0x869893]
V  [jvm.dll+0x280776]
V  [jvm.dll+0xc07cd]
V  [jvm.dll+0xc0d03]
V  [jvm.dll+0x3b986b]
V  [jvm.dll+0x3856a7]
V  [jvm.dll+0x384b1a]
V  [jvm.dll+0x249462]
V  [jvm.dll+0x248a31]
V  [jvm.dll+0x1c7344]
V  [jvm.dll+0x2581ae]
V  [jvm.dll+0x2566f6]
V  [jvm.dll+0x3f48a6]
V  [jvm.dll+0x80f118]
V  [jvm.dll+0x6d54ed]
C  [ucrtbase.dll+0x37b0]
C  [KERNEL32.DLL+0x2e8d7]
C  [ntdll.dll+0x8c48c]


---------------  P R O C E S S  ---------------

Threads class SMR info:
_java_thread_list=0x000001f2dbc436b0, length=35, elements={
0x000001f2bc1de0d0, 0x000001f2d32030e0, 0x000001f2d31f2730, 0x000001f2d31f0800,
0x000001f2d320bd90, 0x000001f2d320c7f0, 0x000001f2d320d9f0, 0x000001f2d3216e60,
0x000001f2d3218060, 0x000001f2d321a3e0, 0x000001f2d353fb90, 0x000001f2d3540220,
0x000001f2d35408b0, 0x000001f2d3540f40, 0x000001f2d3541c60, 0x000001f2d353e7e0,
0x000001f2d353f500, 0x000001f2da026e40, 0x000001f2da024d70, 0x000001f2da025a90,
0x000001f2da0274d0, 0x000001f2da025400, 0x000001f2da026120, 0x000001f2da0246e0,
0x000001f2dbc68d60, 0x000001f2dbc679b0, 0x000001f2dbc693f0, 0x000001f2dbc69a80,
0x000001f2dbc66600, 0x000001f2dbc68040, 0x000001f2dbc66c90, 0x000001f2dbc6a7a0,
0x000001f2dc4866f0, 0x000001f2dbc67320, 0x000001f2dbc6c870
}

Java Threads: ( => current thread )
  0x000001f2bc1de0d0 JavaThread "main"                              [_thread_blocked, id=1548, stack(0x000000cd58800000,0x000000cd58900000) (1024K)]
  0x000001f2d32030e0 JavaThread "Common-Cleaner"             daemon [_thread_blocked, id=332, stack(0x000000cd59000000,0x000000cd59100000) (1024K)]
  0x000001f2d31f2730 JavaThread "Reference Handler"          daemon [_thread_blocked, id=11220, stack(0x000000cd59100000,0x000000cd59200000) (1024K)]
  0x000001f2d31f0800 JavaThread "Finalizer"                  daemon [_thread_blocked, id=3728, stack(0x000000cd59200000,0x000000cd59300000) (1024K)]
  0x000001f2d320bd90 JavaThread "Signal Dispatcher"          daemon [_thread_blocked, id=3752, stack(0x000000cd59300000,0x000000cd59400000) (1024K)]
  0x000001f2d320c7f0 JavaThread "Attach Listener"            daemon [_thread_blocked, id=10460, stack(0x000000cd59400000,0x000000cd59500000) (1024K)]
  0x000001f2d320d9f0 JavaThread "Service Thread"             daemon [_thread_blocked, id=3372, stack(0x000000cd59500000,0x000000cd59600000) (1024K)]
  0x000001f2d3216e60 JavaThread "Monitor Deflation Thread"   daemon [_thread_blocked, id=8380, stack(0x000000cd59600000,0x000000cd59700000) (1024K)]
=>0x000001f2d3218060 JavaThread "C2 CompilerThread0"         daemon [_thread_in_native, id=11024, stack(0x000000cd59700000,0x000000cd59800000) (1024K)]
  0x000001f2d321a3e0 JavaThread "C1 CompilerThread0"         daemon [_thread_blocked, id=9484, stack(0x000000cd59800000,0x000000cd59900000) (1024K)]
  0x000001f2d353fb90 JavaThread "Notification Thread"        daemon [_thread_blocked, id=2820, stack(0x000000cd59900000,0x000000cd59a00000) (1024K)]
  0x000001f2d3540220 JavaThread "Daemon health stats"               [_thread_blocked, id=5928, stack(0x000000cd59e00000,0x000000cd59f00000) (1024K)]
  0x000001f2d35408b0 JavaThread "Incoming local TCP Connector on port 57117"        [_thread_in_native, id=11112, stack(0x000000cd59f00000,0x000000cd5a000000) (1024K)]
  0x000001f2d3540f40 JavaThread "Daemon periodic checks"            [_thread_blocked, id=7656, stack(0x000000cd5a000000,0x000000cd5a100000) (1024K)]
  0x000001f2d3541c60 JavaThread "Daemon"                            [_thread_blocked, id=7008, stack(0x000000cd5a100000,0x000000cd5a200000) (1024K)]
  0x000001f2d353e7e0 JavaThread "Handler for socket connection from /127.0.0.1:57117 to /127.0.0.1:57118"        [_thread_in_native, id=1608, stack(0x000000cd5a200000,0x000000cd5a300000) (1024K)]
  0x000001f2d353f500 JavaThread "Cancel handler"                    [_thread_blocked, id=10576, stack(0x000000cd5a300000,0x000000cd5a400000) (1024K)]
  0x000001f2da026e40 JavaThread "Daemon worker"                     [_thread_in_native, id=10464, stack(0x000000cd5a400000,0x000000cd5a500000) (1024K)]
  0x000001f2da024d70 JavaThread "Asynchronous log dispatcher for DefaultDaemonConnection: socket connection from /127.0.0.1:57117 to /127.0.0.1:57118"        [_thread_blocked, id=4920, stack(0x000000cd5a500000,0x000000cd5a600000) (1024K)]
  0x000001f2da025a90 JavaThread "Stdin handler"                     [_thread_blocked, id=1036, stack(0x000000cd5a600000,0x000000cd5a700000) (1024K)]
  0x000001f2da0274d0 JavaThread "Daemon client event forwarder"        [_thread_blocked, id=9672, stack(0x000000cd5a700000,0x000000cd5a800000) (1024K)]
  0x000001f2da025400 JavaThread "Cache worker for journal cache (C:\Users\laert\.gradle\caches\journal-1)"        [_thread_blocked, id=9992, stack(0x000000cd5a800000,0x000000cd5a900000) (1024K)]
  0x000001f2da026120 JavaThread "File lock request listener"        [_thread_in_native, id=11064, stack(0x000000cd5a900000,0x000000cd5aa00000) (1024K)]
  0x000001f2da0246e0 JavaThread "Cache worker for file hash cache (C:\Users\laert\.gradle\caches\9.3.1\fileHashes)"        [_thread_blocked, id=8580, stack(0x000000cd5aa00000,0x000000cd5ab00000) (1024K)]
  0x000001f2dbc68d60 JavaThread "Cache worker for file hash cache (C:\Users\laert\AndroidStudioProjects\PrivacyQRScanner\.gradle\9.3.1\fileHashes)"        [_thread_blocked, id=1044, stack(0x000000cd5ab00000,0x000000cd5ac00000) (1024K)]
  0x000001f2dbc679b0 JavaThread "Cache worker for Build Output Cleanup Cache (C:\Users\laert\AndroidStudioProjects\PrivacyQRScanner\.gradle\buildOutputCleanup)"        [_thread_blocked, id=2704, stack(0x000000cd5ac00000,0x000000cd5ad00000) (1024K)]
  0x000001f2dbc693f0 JavaThread "File watcher server"        daemon [_thread_in_native, id=10708, stack(0x000000cd59a00000,0x000000cd59b00000) (1024K)]
  0x000001f2dbc69a80 JavaThread "File watcher consumer"      daemon [_thread_blocked, id=6068, stack(0x000000cd5ad00000,0x000000cd5ae00000) (1024K)]
  0x000001f2dbc66600 JavaThread "Cache worker for checksums cache (C:\Users\laert\AndroidStudioProjects\PrivacyQRScanner\.gradle\9.3.1\checksums)"        [_thread_blocked, id=10148, stack(0x000000cd5ae00000,0x000000cd5af00000) (1024K)]
  0x000001f2dbc68040 JavaThread "Cache worker for file content cache (C:\Users\laert\.gradle\caches\9.3.1\fileContent)"        [_thread_blocked, id=6792, stack(0x000000cd5af00000,0x000000cd5b000000) (1024K)]
  0x000001f2dbc66c90 JavaThread "Cache worker for cache directory md-supplier (C:\Users\laert\.gradle\caches\9.3.1\md-supplier)"        [_thread_blocked, id=3936, stack(0x000000cd5b000000,0x000000cd5b100000) (1024K)]
  0x000001f2dbc6a7a0 JavaThread "Cache worker for cache directory md-rule (C:\Users\laert\.gradle\caches\9.3.1\md-rule)"        [_thread_blocked, id=1848, stack(0x000000cd5b100000,0x000000cd5b200000) (1024K)]
  0x000001f2dc4866f0 JavaThread "C2 CompilerThread1"         daemon [_thread_in_native, id=1232, stack(0x000000cd5b200000,0x000000cd5b300000) (1024K)]
  0x000001f2dbc67320 JavaThread "jar transforms"                    [_thread_blocked, id=2612, stack(0x000000cd5b300000,0x000000cd5b400000) (1024K)]
  0x000001f2dbc6c870 JavaThread "jar transforms Thread 2"           [_thread_blocked, id=10680, stack(0x000000cd5b400000,0x000000cd5b500000) (1024K)]
Total: 35

Other Threads:
  0x000001f2d31bc8d0 VMThread "VM Thread"                           [id=9544, stack(0x000000cd58f00000,0x000000cd59000000) (1024K)]
  0x000001f2d3006b20 WatcherThread "VM Periodic Task Thread"        [id=7980, stack(0x000000cd58e00000,0x000000cd58f00000) (1024K)]
  0x000001f2bc236300 WorkerThread "GC Thread#0"                     [id=10400, stack(0x000000cd58900000,0x000000cd58a00000) (1024K)]
  0x000001f2d353da60 WorkerThread "GC Thread#1"                     [id=1736, stack(0x000000cd59b00000,0x000000cd59c00000) (1024K)]
  0x000001f2d353de00 WorkerThread "GC Thread#2"                     [id=10776, stack(0x000000cd59c00000,0x000000cd59d00000) (1024K)]
  0x000001f2d8675270 WorkerThread "GC Thread#3"                     [id=11088, stack(0x000000cd59d00000,0x000000cd59e00000) (1024K)]
  0x000001f2bc285b80 ConcurrentGCThread "G1 Main Marker"            [id=11216, stack(0x000000cd58a00000,0x000000cd58b00000) (1024K)]
  0x000001f2bc286d30 WorkerThread "G1 Conc#0"                       [id=9172, stack(0x000000cd58b00000,0x000000cd58c00000) (1024K)]
  0x000001f2d2eda270 ConcurrentGCThread "G1 Refine#0"               [id=4076, stack(0x000000cd58c00000,0x000000cd58d00000) (1024K)]
  0x000001f2d2edbed0 ConcurrentGCThread "G1 Service"                [id=10092, stack(0x000000cd58d00000,0x000000cd58e00000) (1024K)]
Total: 10

Threads with active compile tasks:
C2 CompilerThread0  8991 4066       4       jdk.internal.loader.URLClassPath$JarLoader$2::getBytes (48 bytes)
C2 CompilerThread1  8992 4067       4       java.security.SecureClassLoader::defineClass (16 bytes)
Total: 2

VM state: not at safepoint (normal execution)

VM Mutex/Monitor currently owned by a thread: None

Heap address: 0x0000000080000000, size: 2048 MB, Compressed Oops mode: 32-bit

CDS archive(s) not mapped
Compressed class space mapped at: 0x0000000100000000-0x0000000140000000, reserved size: 1073741824
Narrow klass base: 0x0000000000000000, Narrow klass shift: 3, Narrow klass range: 0x140000000

GC Precious Log:
 CardTable entry size: 512
 Card Set container configuration: InlinePtr #cards 5 size 8 Array Of Cards #cards 12 size 40 Howl #buckets 4 coarsen threshold 1843 Howl Bitmap #cards 512 size 80 coarsen threshold 460 Card regions per heap region 1 cards per card region 2048
 CPUs: 4 total, 4 available
 Memory: 8056M
 Large Page Support: Disabled
 NUMA Support: Disabled
 Compressed Oops: Enabled (32-bit)
 Heap Region Size: 1M
 Heap Min Capacity: 8M
 Heap Initial Capacity: 126M
 Heap Max Capacity: 2G
 Pre-touch: Disabled
 Parallel Workers: 4
 Concurrent Workers: 1
 Concurrent Refinement Workers: 4
 Periodic GC: Disabled

Heap:
 garbage-first heap   total 82944K, used 50974K [0x0000000080000000, 0x0000000100000000)
  region size 1024K, 28 young (28672K), 5 survivors (5120K)
 Metaspace       used 45026K, committed 46272K, reserved 1114112K
  class space    used 6320K, committed 6912K, reserved 1048576K

Heap Regions: E=young(eden), S=young(survivor), O=old, HS=humongous(starts), HC=humongous(continues), CS=collection set, F=free, TAMS=top-at-mark-start, PB=parsable bottom
|   0|0x0000000080000000, 0x0000000080100000, 0x0000000080100000|100%|HS|  |TAMS 0x0000000080000000| PB 0x0000000080000000| Complete 
|   1|0x0000000080100000, 0x0000000080200000, 0x0000000080200000|100%|HC|  |TAMS 0x0000000080100000| PB 0x0000000080100000| Complete 
|   2|0x0000000080200000, 0x0000000080300000, 0x0000000080300000|100%|HC|  |TAMS 0x0000000080200000| PB 0x0000000080200000| Complete 
|   3|0x0000000080300000, 0x0000000080400000, 0x0000000080400000|100%|HC|  |TAMS 0x0000000080300000| PB 0x0000000080300000| Complete 
|   4|0x0000000080400000, 0x0000000080500000, 0x0000000080500000|100%|HS|  |TAMS 0x0000000080400000| PB 0x0000000080400000| Complete 
|   5|0x0000000080500000, 0x0000000080600000, 0x0000000080600000|100%| O|  |TAMS 0x0000000080500000| PB 0x0000000080500000| Untracked 
|   6|0x0000000080600000, 0x0000000080700000, 0x0000000080700000|100%| O|  |TAMS 0x0000000080600000| PB 0x0000000080600000| Untracked 
|   7|0x0000000080700000, 0x0000000080800000, 0x0000000080800000|100%| O|  |TAMS 0x0000000080700000| PB 0x0000000080700000| Untracked 
|   8|0x0000000080800000, 0x0000000080900000, 0x0000000080900000|100%| O|Cm|TAMS 0x0000000080800000| PB 0x0000000080800000| Complete 
|   9|0x0000000080900000, 0x0000000080a00000, 0x0000000080a00000|100%| O|  |TAMS 0x0000000080900000| PB 0x0000000080900000| Untracked 
|  10|0x0000000080a00000, 0x0000000080b00000, 0x0000000080b00000|100%| O|  |TAMS 0x0000000080a00000| PB 0x0000000080a00000| Untracked 
|  11|0x0000000080b00000, 0x0000000080c00000, 0x0000000080c00000|100%| O|  |TAMS 0x0000000080b00000| PB 0x0000000080b00000| Untracked 
|  12|0x0000000080c00000, 0x0000000080d00000, 0x0000000080d00000|100%| O|  |TAMS 0x0000000080c00000| PB 0x0000000080c00000| Untracked 
|  13|0x0000000080d00000, 0x0000000080e00000, 0x0000000080e00000|100%| O|  |TAMS 0x0000000080d00000| PB 0x0000000080d00000| Untracked 
|  14|0x0000000080e00000, 0x0000000080f00000, 0x0000000080f00000|100%| O|  |TAMS 0x0000000080e00000| PB 0x0000000080e00000| Untracked 
|  15|0x0000000080f00000, 0x0000000081000000, 0x0000000081000000|100%| O|  |TAMS 0x0000000080f00000| PB 0x0000000080f00000| Untracked 
|  16|0x0000000081000000, 0x0000000081100000, 0x0000000081100000|100%| O|  |TAMS 0x0000000081000000| PB 0x0000000081000000| Untracked 
|  17|0x0000000081100000, 0x00000000811c7880, 0x0000000081200000| 77%| O|  |TAMS 0x0000000081100000| PB 0x0000000081100000| Untracked 
|  18|0x0000000081200000, 0x0000000081200000, 0x0000000081300000|  0%| F|  |TAMS 0x0000000081200000| PB 0x0000000081200000| Untracked 
|  19|0x0000000081300000, 0x0000000081300000, 0x0000000081400000|  0%| F|  |TAMS 0x0000000081300000| PB 0x0000000081300000| Untracked 
|  20|0x0000000081400000, 0x0000000081400000, 0x0000000081500000|  0%| F|  |TAMS 0x0000000081400000| PB 0x0000000081400000| Untracked 
|  21|0x0000000081500000, 0x0000000081500000, 0x0000000081600000|  0%| F|  |TAMS 0x0000000081500000| PB 0x0000000081500000| Untracked 
|  22|0x0000000081600000, 0x0000000081600000, 0x0000000081700000|  0%| F|  |TAMS 0x0000000081600000| PB 0x0000000081600000| Untracked 
|  23|0x0000000081700000, 0x0000000081800000, 0x0000000081800000|100%| S|CS|TAMS 0x0000000081700000| PB 0x0000000081700000| Complete 
|  24|0x0000000081800000, 0x0000000081900000, 0x0000000081900000|100%| S|CS|TAMS 0x0000000081800000| PB 0x0000000081800000| Complete 
|  25|0x0000000081900000, 0x0000000081a00000, 0x0000000081a00000|100%| S|CS|TAMS 0x0000000081900000| PB 0x0000000081900000| Complete 
|  26|0x0000000081a00000, 0x0000000081b00000, 0x0000000081b00000|100%| S|CS|TAMS 0x0000000081a00000| PB 0x0000000081a00000| Complete 
|  27|0x0000000081b00000, 0x0000000081c00000, 0x0000000081c00000|100%| S|CS|TAMS 0x0000000081b00000| PB 0x0000000081b00000| Complete 
|  28|0x0000000081c00000, 0x0000000081c00000, 0x0000000081d00000|  0%| F|  |TAMS 0x0000000081c00000| PB 0x0000000081c00000| Untracked 
|  29|0x0000000081d00000, 0x0000000081d00000, 0x0000000081e00000|  0%| F|  |TAMS 0x0000000081d00000| PB 0x0000000081d00000| Untracked 
|  30|0x0000000081e00000, 0x0000000081e00000, 0x0000000081f00000|  0%| F|  |TAMS 0x0000000081e00000| PB 0x0000000081e00000| Untracked 
|  31|0x0000000081f00000, 0x0000000081f00000, 0x0000000082000000|  0%| F|  |TAMS 0x0000000081f00000| PB 0x0000000081f00000| Untracked 
|  32|0x0000000082000000, 0x0000000082000000, 0x0000000082100000|  0%| F|  |TAMS 0x0000000082000000| PB 0x0000000082000000| Untracked 
|  33|0x0000000082100000, 0x0000000082100000, 0x0000000082200000|  0%| F|  |TAMS 0x0000000082100000| PB 0x0000000082100000| Untracked 
|  34|0x0000000082200000, 0x0000000082200000, 0x0000000082300000|  0%| F|  |TAMS 0x0000000082200000| PB 0x0000000082200000| Untracked 
|  35|0x0000000082300000, 0x0000000082300000, 0x0000000082400000|  0%| F|  |TAMS 0x0000000082300000| PB 0x0000000082300000| Untracked 
|  36|0x0000000082400000, 0x0000000082400000, 0x0000000082500000|  0%| F|  |TAMS 0x0000000082400000| PB 0x0000000082400000| Untracked 
|  37|0x0000000082500000, 0x0000000082500000, 0x0000000082600000|  0%| F|  |TAMS 0x0000000082500000| PB 0x0000000082500000| Untracked 
|  38|0x0000000082600000, 0x0000000082600000, 0x0000000082700000|  0%| F|  |TAMS 0x0000000082600000| PB 0x0000000082600000| Untracked 
|  39|0x0000000082700000, 0x0000000082700000, 0x0000000082800000|  0%| F|  |TAMS 0x0000000082700000| PB 0x0000000082700000| Untracked 
|  40|0x0000000082800000, 0x0000000082800000, 0x0000000082900000|  0%| F|  |TAMS 0x0000000082800000| PB 0x0000000082800000| Untracked 
|  41|0x0000000082900000, 0x0000000082900000, 0x0000000082a00000|  0%| F|  |TAMS 0x0000000082900000| PB 0x0000000082900000| Untracked 
|  42|0x0000000082a00000, 0x0000000082a00000, 0x0000000082b00000|  0%| F|  |TAMS 0x0000000082a00000| PB 0x0000000082a00000| Untracked 
|  43|0x0000000082b00000, 0x0000000082b00000, 0x0000000082c00000|  0%| F|  |TAMS 0x0000000082b00000| PB 0x0000000082b00000| Untracked 
|  44|0x0000000082c00000, 0x0000000082c00000, 0x0000000082d00000|  0%| F|  |TAMS 0x0000000082c00000| PB 0x0000000082c00000| Untracked 
|  45|0x0000000082d00000, 0x0000000082d00000, 0x0000000082e00000|  0%| F|  |TAMS 0x0000000082d00000| PB 0x0000000082d00000| Untracked 
|  46|0x0000000082e00000, 0x0000000082e00000, 0x0000000082f00000|  0%| F|  |TAMS 0x0000000082e00000| PB 0x0000000082e00000| Untracked 
|  47|0x0000000082f00000, 0x0000000082f00000, 0x0000000083000000|  0%| F|  |TAMS 0x0000000082f00000| PB 0x0000000082f00000| Untracked 
|  48|0x0000000083000000, 0x0000000083000000, 0x0000000083100000|  0%| F|  |TAMS 0x0000000083000000| PB 0x0000000083000000| Untracked 
|  49|0x0000000083100000, 0x0000000083100000, 0x0000000083200000|  0%| F|  |TAMS 0x0000000083100000| PB 0x0000000083100000| Untracked 
|  50|0x0000000083200000, 0x0000000083200000, 0x0000000083300000|  0%| F|  |TAMS 0x0000000083200000| PB 0x0000000083200000| Untracked 
|  51|0x0000000083300000, 0x0000000083300000, 0x0000000083400000|  0%| F|  |TAMS 0x0000000083300000| PB 0x0000000083300000| Untracked 
|  52|0x0000000083400000, 0x0000000083400000, 0x0000000083500000|  0%| F|  |TAMS 0x0000000083400000| PB 0x0000000083400000| Untracked 
|  53|0x0000000083500000, 0x0000000083580000, 0x0000000083600000| 50%| E|  |TAMS 0x0000000083500000| PB 0x0000000083500000| Complete 
|  54|0x0000000083600000, 0x0000000083700000, 0x0000000083700000|100%| E|CS|TAMS 0x0000000083600000| PB 0x0000000083600000| Complete 
|  55|0x0000000083700000, 0x0000000083800000, 0x0000000083800000|100%| E|CS|TAMS 0x0000000083700000| PB 0x0000000083700000| Complete 
|  56|0x0000000083800000, 0x0000000083900000, 0x0000000083900000|100%| E|CS|TAMS 0x0000000083800000| PB 0x0000000083800000| Complete 
|  57|0x0000000083900000, 0x0000000083a00000, 0x0000000083a00000|100%| E|CS|TAMS 0x0000000083900000| PB 0x0000000083900000| Complete 
|  58|0x0000000083a00000, 0x0000000083b00000, 0x0000000083b00000|100%| E|CS|TAMS 0x0000000083a00000| PB 0x0000000083a00000| Complete 
|  59|0x0000000083b00000, 0x0000000083c00000, 0x0000000083c00000|100%| E|CS|TAMS 0x0000000083b00000| PB 0x0000000083b00000| Complete 
|  60|0x0000000083c00000, 0x0000000083d00000, 0x0000000083d00000|100%| E|CS|TAMS 0x0000000083c00000| PB 0x0000000083c00000| Complete 
|  61|0x0000000083d00000, 0x0000000083e00000, 0x0000000083e00000|100%| E|CS|TAMS 0x0000000083d00000| PB 0x0000000083d00000| Complete 
|  62|0x0000000083e00000, 0x0000000083f00000, 0x0000000083f00000|100%| E|CS|TAMS 0x0000000083e00000| PB 0x0000000083e00000| Complete 
|  63|0x0000000083f00000, 0x0000000084000000, 0x0000000084000000|100%| E|CS|TAMS 0x0000000083f00000| PB 0x0000000083f00000| Complete 
|  64|0x0000000084000000, 0x0000000084100000, 0x0000000084100000|100%| E|CS|TAMS 0x0000000084000000| PB 0x0000000084000000| Complete 
|  65|0x0000000084100000, 0x0000000084200000, 0x0000000084200000|100%| E|CS|TAMS 0x0000000084100000| PB 0x0000000084100000| Complete 
|  91|0x0000000085b00000, 0x0000000085c00000, 0x0000000085c00000|100%| E|CS|TAMS 0x0000000085b00000| PB 0x0000000085b00000| Complete 
|  92|0x0000000085c00000, 0x0000000085d00000, 0x0000000085d00000|100%| E|CS|TAMS 0x0000000085c00000| PB 0x0000000085c00000| Complete 
|  93|0x0000000085d00000, 0x0000000085e00000, 0x0000000085e00000|100%| E|CS|TAMS 0x0000000085d00000| PB 0x0000000085d00000| Complete 
|  94|0x0000000085e00000, 0x0000000085f00000, 0x0000000085f00000|100%| E|CS|TAMS 0x0000000085e00000| PB 0x0000000085e00000| Complete 
|  95|0x0000000085f00000, 0x0000000086000000, 0x0000000086000000|100%| E|CS|TAMS 0x0000000085f00000| PB 0x0000000085f00000| Complete 
|  96|0x0000000086000000, 0x0000000086100000, 0x0000000086100000|100%| E|CS|TAMS 0x0000000086000000| PB 0x0000000086000000| Complete 
|  97|0x0000000086100000, 0x0000000086200000, 0x0000000086200000|100%| E|CS|TAMS 0x0000000086100000| PB 0x0000000086100000| Complete 
|  98|0x0000000086200000, 0x0000000086300000, 0x0000000086300000|100%| E|CS|TAMS 0x0000000086200000| PB 0x0000000086200000| Complete 
| 124|0x0000000087c00000, 0x0000000087d00000, 0x0000000087d00000|100%| E|CS|TAMS 0x0000000087c00000| PB 0x0000000087c00000| Complete 
| 125|0x0000000087d00000, 0x0000000087e00000, 0x0000000087e00000|100%| E|CS|TAMS 0x0000000087d00000| PB 0x0000000087d00000| Complete 
|2043|0x00000000ffb00000, 0x00000000ffc00000, 0x00000000ffc00000|100%| O|  |TAMS 0x00000000ffb00000| PB 0x00000000ffb00000| Untracked 
|2044|0x00000000ffc00000, 0x00000000ffd00000, 0x00000000ffd00000|100%| O|  |TAMS 0x00000000ffc00000| PB 0x00000000ffc00000| Untracked 
|2045|0x00000000ffd00000, 0x00000000ffe00000, 0x00000000ffe00000|100%| O|  |TAMS 0x00000000ffd00000| PB 0x00000000ffd00000| Untracked 
|2046|0x00000000ffe00000, 0x00000000fff00000, 0x00000000fff00000|100%| O|  |TAMS 0x00000000ffe00000| PB 0x00000000ffe00000| Untracked 
|2047|0x00000000fff00000, 0x0000000100000000, 0x0000000100000000|100%| O|  |TAMS 0x00000000fff00000| PB 0x00000000fff00000| Untracked 

Card table byte_map: [0x000001f2ce740000,0x000001f2ceb40000] _byte_map_base: 0x000001f2ce340000

Marking Bits: (CMBitMap*) 0x000001f2bc236910
 Bits: [0x000001f2ceb40000, 0x000001f2d0b40000)

Polling page: 0x000001f2ba280000

Metaspace:

Usage:
  Non-class:     37.87 MB used.
      Class:      6.18 MB used.
       Both:     44.04 MB used.

Virtual space:
  Non-class space:       64.00 MB reserved,      38.50 MB ( 60%) committed,  1 nodes.
      Class space:        1.00 GB reserved,       6.81 MB ( <1%) committed,  1 nodes.
             Both:        1.06 GB reserved,      45.31 MB (  4%) committed. 

Chunk freelists:
   Non-Class:  9.45 MB
       Class:  9.23 MB
        Both:  18.69 MB

MaxMetaspaceSize: unlimited
CompressedClassSpaceSize: 1.00 GB
Initial GC threshold: 21.00 MB
Current GC threshold: 59.38 MB
CDS: off
 - commit_granule_bytes: 65536.
 - commit_granule_words: 8192.
 - virtual_space_node_default_size: 8388608.
 - enlarge_chunks_in_place: 1.
 - use_allocation_guard: 0.


Internal statistics:

num_allocs_failed_limit: 9.
num_arena_births: 2324.
num_arena_deaths: 0.
num_vsnodes_births: 2.
num_vsnodes_deaths: 0.
num_space_committed: 725.
num_space_uncommitted: 0.
num_chunks_returned_to_freelist: 9.
num_chunks_taken_from_freelist: 4067.
num_chunk_merges: 6.
num_chunk_splits: 2609.
num_chunks_enlarged: 1568.
num_inconsistent_stats: 0.

CodeHeap 'non-profiled nmethods': size=120000Kb used=2135Kb max_used=2262Kb free=117864Kb
 bounds [0x000001f2c6e10000, 0x000001f2c7080000, 0x000001f2ce340000]
CodeHeap 'profiled nmethods': size=120000Kb used=6970Kb max_used=6970Kb free=113029Kb
 bounds [0x000001f2bf340000, 0x000001f2bfa10000, 0x000001f2c6870000]
CodeHeap 'non-nmethods': size=5760Kb used=1431Kb max_used=1461Kb free=4328Kb
 bounds [0x000001f2c6870000, 0x000001f2c6ae0000, 0x000001f2c6e10000]
CodeCache: size=245760Kb, used=10536Kb, max_used=10693Kb, free=235221Kb
 total_blobs=4177, nmethods=3573, adapters=508, full_count=0
Compilation: enabled, stopped_count=0, restarted_count=0

Compilation events (20 events):
Event: 8.898 Thread 0x000001f2d3218060 4066       4       jdk.internal.loader.URLClassPath$JarLoader$2::getBytes (48 bytes)
Event: 8.900 Thread 0x000001f2dc4866f0 nmethod 4065 0x000001f2c6f6a690 code [0x000001f2c6f6a840, 0x000001f2c6f6aa20]
Event: 8.900 Thread 0x000001f2dc4866f0 4067       4       java.security.SecureClassLoader::defineClass (16 bytes)
Event: 8.914 Thread 0x000001f2d321a3e0 4072   !   3       java.net.URL::<init> (543 bytes)
Event: 8.919 Thread 0x000001f2d321a3e0 nmethod 4072 0x000001f2bf5c2910 code [0x000001f2bf5c2f20, 0x000001f2bf5c6228]
Event: 8.927 Thread 0x000001f2d321a3e0 4073       3       org.gradle.internal.instantiation.generator.AbstractClassGenerator$ClassGenerationHandler::<init> (5 bytes)
Event: 8.928 Thread 0x000001f2d321a3e0 nmethod 4073 0x000001f2bf5c2490 code [0x000001f2bf5c2640, 0x000001f2bf5c2808]
Event: 8.928 Thread 0x000001f2d321a3e0 4074       3       org.gradle.internal.instantiation.generator.AbstractClassGenerator$ClassGenerationHandler::<init> (5 bytes)
Event: 8.928 Thread 0x000001f2d321a3e0 nmethod 4074 0x000001f2bf495e90 code [0x000001f2bf496040, 0x000001f2bf4961a8]
Event: 8.928 Thread 0x000001f2d321a3e0 4075       3       java.util.concurrent.atomic.AtomicReferenceArray::get (12 bytes)
Event: 8.930 Thread 0x000001f2d321a3e0 nmethod 4075 0x000001f2bf494d10 code [0x000001f2bf494f80, 0x000001f2bf495b48]
Event: 8.930 Thread 0x000001f2d321a3e0 4076       3       java.lang.invoke.VarHandleGuards::guard_LI_L (89 bytes)
Event: 8.933 Thread 0x000001f2d321a3e0 nmethod 4076 0x000001f2bf492610 code [0x000001f2bf4929a0, 0x000001f2bf494510]
Event: 8.934 Thread 0x000001f2d321a3e0 4079       2       jdk.internal.loader.URLClassPath::getResource (74 bytes)
Event: 8.935 Thread 0x000001f2d321a3e0 nmethod 4079 0x000001f2bf492110 code [0x000001f2bf4922e0, 0x000001f2bf492508]
Event: 8.935 Thread 0x000001f2d321a3e0 4081       3       java.util.TreeMap::addEntry (59 bytes)
Event: 8.936 Thread 0x000001f2d321a3e0 nmethod 4081 0x000001f2bf491890 code [0x000001f2bf491a60, 0x000001f2bf491f00]
Event: 8.940 Thread 0x000001f2d321a3e0 4082       3       jdk.internal.org.objectweb.asm.SymbolTable::hash (7 bytes)
Event: 8.940 Thread 0x000001f2d321a3e0 nmethod 4082 0x000001f2bf46f410 code [0x000001f2bf46f5a0, 0x000001f2bf46f698]
Event: 8.943 Thread 0x000001f2d321a3e0 4083       3       java.lang.reflect.ProxyGenerator::checkReturnTypes (288 bytes)

GC Heap History (18 events):
Event: 0.660 GC heap before
{Heap before GC invocations=0 (full 0):
 garbage-first heap   total 129024K, used 13312K [0x0000000080000000, 0x0000000100000000)
  region size 1024K, 13 young (13312K), 0 survivors (0K)
 Metaspace       used 7719K, committed 7808K, reserved 1114112K
  class space    used 722K, committed 768K, reserved 1048576K
}
Event: 0.663 GC heap after
{Heap after GC invocations=1 (full 0):
 garbage-first heap   total 129024K, used 1013K [0x0000000080000000, 0x0000000100000000)
  region size 1024K, 1 young (1024K), 1 survivors (1024K)
 Metaspace       used 7719K, committed 7808K, reserved 1114112K
  class space    used 722K, committed 768K, reserved 1048576K
}
Event: 1.008 GC heap before
{Heap before GC invocations=1 (full 0):
 garbage-first heap   total 129024K, used 25589K [0x0000000080000000, 0x0000000100000000)
  region size 1024K, 26 young (26624K), 1 survivors (1024K)
 Metaspace       used 7886K, committed 8000K, reserved 1114112K
  class space    used 722K, committed 768K, reserved 1048576K
}
Event: 1.012 GC heap after
{Heap after GC invocations=2 (full 0):
 garbage-first heap   total 129024K, used 1509K [0x0000000080000000, 0x0000000100000000)
  region size 1024K, 2 young (2048K), 2 survivors (2048K)
 Metaspace       used 7886K, committed 8000K, reserved 1114112K
  class space    used 722K, committed 768K, reserved 1048576K
}
Event: 2.295 GC heap before
{Heap before GC invocations=2 (full 0):
 garbage-first heap   total 129024K, used 80357K [0x0000000080000000, 0x0000000100000000)
  region size 1024K, 75 young (76800K), 2 survivors (2048K)
 Metaspace       used 12755K, committed 12928K, reserved 1114112K
  class space    used 1390K, committed 1472K, reserved 1048576K
}
Event: 2.304 GC heap after
{Heap after GC invocations=3 (full 0):
 garbage-first heap   total 129024K, used 12100K [0x0000000080000000, 0x0000000100000000)
  region size 1024K, 8 young (8192K), 8 survivors (8192K)
 Metaspace       used 12755K, committed 12928K, reserved 1114112K
  class space    used 1390K, committed 1472K, reserved 1048576K
}
Event: 3.009 GC heap before
{Heap before GC invocations=3 (full 0):
 garbage-first heap   total 129024K, used 82756K [0x0000000080000000, 0x0000000100000000)
  region size 1024K, 75 young (76800K), 8 survivors (8192K)
 Metaspace       used 13123K, committed 13312K, reserved 1114112K
  class space    used 1441K, committed 1536K, reserved 1048576K
}
Event: 3.019 GC heap after
{Heap after GC invocations=4 (full 0):
 garbage-first heap   total 129024K, used 17544K [0x0000000080000000, 0x0000000100000000)
  region size 1024K, 5 young (5120K), 5 survivors (5120K)
 Metaspace       used 13123K, committed 13312K, reserved 1114112K
  class space    used 1441K, committed 1536K, reserved 1048576K
}
Event: 4.057 GC heap before
{Heap before GC invocations=4 (full 0):
 garbage-first heap   total 129024K, used 44168K [0x0000000080000000, 0x0000000100000000)
  region size 1024K, 32 young (32768K), 5 survivors (5120K)
 Metaspace       used 21210K, committed 21504K, reserved 1114112K
  class space    used 2477K, committed 2624K, reserved 1048576K
}
Event: 4.066 GC heap after
{Heap after GC invocations=5 (full 0):
 garbage-first heap   total 129024K, used 20996K [0x0000000080000000, 0x0000000100000000)
  region size 1024K, 8 young (8192K), 8 survivors (8192K)
 Metaspace       used 21210K, committed 21504K, reserved 1114112K
  class space    used 2477K, committed 2624K, reserved 1048576K
}
Event: 5.711 GC heap before
{Heap before GC invocations=6 (full 0):
 garbage-first heap   total 71680K, used 70148K [0x0000000080000000, 0x0000000100000000)
  region size 1024K, 55 young (56320K), 8 survivors (8192K)
 Metaspace       used 29645K, committed 30144K, reserved 1114112K
  class space    used 3677K, committed 3904K, reserved 1048576K
}
Event: 5.725 GC heap after
{Heap after GC invocations=7 (full 0):
 garbage-first heap   total 82944K, used 23471K [0x0000000080000000, 0x0000000100000000)
  region size 1024K, 6 young (6144K), 6 survivors (6144K)
 Metaspace       used 29645K, committed 30144K, reserved 1114112K
  class space    used 3677K, committed 3904K, reserved 1048576K
}
Event: 7.279 GC heap before
{Heap before GC invocations=7 (full 0):
 garbage-first heap   total 82944K, used 64431K [0x0000000080000000, 0x0000000100000000)
  region size 1024K, 47 young (48128K), 6 survivors (6144K)
 Metaspace       used 35429K, committed 36096K, reserved 1114112K
  class space    used 4638K, committed 4992K, reserved 1048576K
}
Event: 7.307 GC heap after
{Heap after GC invocations=8 (full 0):
 garbage-first heap   total 82944K, used 25786K [0x0000000080000000, 0x0000000100000000)
  region size 1024K, 5 young (5120K), 5 survivors (5120K)
 Metaspace       used 35429K, committed 36096K, reserved 1114112K
  class space    used 4638K, committed 4992K, reserved 1048576K
}
Event: 7.425 GC heap before
{Heap before GC invocations=8 (full 0):
 garbage-first heap   total 82944K, used 28858K [0x0000000080000000, 0x0000000100000000)
  region size 1024K, 9 young (9216K), 5 survivors (5120K)
 Metaspace       used 35731K, committed 36416K, reserved 1114112K
  class space    used 4699K, committed 5056K, reserved 1048576K
}
Event: 7.436 GC heap after
{Heap after GC invocations=9 (full 0):
 garbage-first heap   total 82944K, used 26911K [0x0000000080000000, 0x0000000100000000)
  region size 1024K, 4 young (4096K), 4 survivors (4096K)
 Metaspace       used 35731K, committed 36416K, reserved 1114112K
  class space    used 4699K, committed 5056K, reserved 1048576K
}
Event: 8.431 GC heap before
{Heap before GC invocations=10 (full 0):
 garbage-first heap   total 82944K, used 71967K [0x0000000080000000, 0x0000000100000000)
  region size 1024K, 48 young (49152K), 4 survivors (4096K)
 Metaspace       used 41756K, committed 42816K, reserved 1114112K
  class space    used 5748K, committed 6272K, reserved 1048576K
}
Event: 8.442 GC heap after
{Heap after GC invocations=11 (full 0):
 garbage-first heap   total 82944K, used 28446K [0x0000000080000000, 0x0000000100000000)
  region size 1024K, 5 young (5120K), 5 survivors (5120K)
 Metaspace       used 41756K, committed 42816K, reserved 1114112K
  class space    used 5748K, committed 6272K, reserved 1048576K
}

Dll operation events (3 events):
Event: 0.035 Loaded shared library C:\Program Files\Android\Android Studio\jbr\bin\java.dll
Event: 0.048 Loaded shared library C:\Program Files\Android\Android Studio\jbr\bin\zip.dll
Event: 1.474 Loaded shared library C:\Program Files\Android\Android Studio\jbr\bin\verify.dll

Deoptimization events (20 events):
Event: 8.914 Thread 0x000001f2da026e40 Uncommon trap: trap_request=0xffffffde fr.pc=0x000001f2c6ea6490 relative=0x0000000000001030
Event: 8.914 Thread 0x000001f2da026e40 Uncommon trap: reason=class_check action=maybe_recompile pc=0x000001f2c6ea6490 method=jdk.internal.loader.URLClassPath.getLoader(I)Ljdk/internal/loader/URLClassPath$Loader; @ 88 c2
Event: 8.914 Thread 0x000001f2da026e40 DEOPT PACKING pc=0x000001f2c6ea6490 sp=0x000000cd5a4fa4c0
Event: 8.914 Thread 0x000001f2da026e40 DEOPT UNPACKING pc=0x000001f2c68c43a2 sp=0x000000cd5a4fa4b0 mode 2
Event: 8.914 Thread 0x000001f2da026e40 Uncommon trap: trap_request=0xffffffde fr.pc=0x000001f2c6ffc604 relative=0x0000000000004204
Event: 8.914 Thread 0x000001f2da026e40 Uncommon trap: reason=class_check action=maybe_recompile pc=0x000001f2c6ffc604 method=jdk.internal.loader.URLClassPath.getResource(Ljava/lang/String;Z)Ljdk/internal/loader/Resource; @ 53 c2
Event: 8.914 Thread 0x000001f2da026e40 DEOPT PACKING pc=0x000001f2c6ffc604 sp=0x000000cd5a4fa580
Event: 8.914 Thread 0x000001f2da026e40 DEOPT UNPACKING pc=0x000001f2c68c43a2 sp=0x000000cd5a4fa4f8 mode 2
Event: 8.925 Thread 0x000001f2da026e40 Uncommon trap: trap_request=0xffffff45 fr.pc=0x000001f2c6fca440 relative=0x00000000000044a0
Event: 8.925 Thread 0x000001f2da026e40 Uncommon trap: reason=unstable_if action=reinterpret pc=0x000001f2c6fca440 method=java.lang.ClassLoader.getClassLoadingLock(Ljava/lang/String;)Ljava/lang/Object; @ 6 c2
Event: 8.925 Thread 0x000001f2da026e40 DEOPT PACKING pc=0x000001f2c6fca440 sp=0x000000cd5a4f8b20
Event: 8.925 Thread 0x000001f2da026e40 DEOPT UNPACKING pc=0x000001f2c68c43a2 sp=0x000000cd5a4f8b20 mode 2
Event: 8.927 Thread 0x000001f2da026e40 Uncommon trap: trap_request=0xffffff45 fr.pc=0x000001f2c6f82a98 relative=0x00000000000000f8
Event: 8.927 Thread 0x000001f2da026e40 Uncommon trap: reason=unstable_if action=reinterpret pc=0x000001f2c6f82a98 method=java.lang.ClassLoader.getClassLoadingLock(Ljava/lang/String;)Ljava/lang/Object; @ 6 c2
Event: 8.927 Thread 0x000001f2da026e40 DEOPT PACKING pc=0x000001f2c6f82a98 sp=0x000000cd5a4f8dd0
Event: 8.927 Thread 0x000001f2da026e40 DEOPT UNPACKING pc=0x000001f2c68c43a2 sp=0x000000cd5a4f8d60 mode 2
Event: 8.927 Thread 0x000001f2da026e40 Uncommon trap: trap_request=0xffffff45 fr.pc=0x000001f2c6fea240 relative=0x00000000000008a0
Event: 8.927 Thread 0x000001f2da026e40 Uncommon trap: reason=unstable_if action=reinterpret pc=0x000001f2c6fea240 method=java.lang.Class.getPackageName()Ljava/lang/String; @ 55 c2
Event: 8.927 Thread 0x000001f2da026e40 DEOPT PACKING pc=0x000001f2c6fea240 sp=0x000000cd5a4fa2a0
Event: 8.927 Thread 0x000001f2da026e40 DEOPT UNPACKING pc=0x000001f2c68c43a2 sp=0x000000cd5a4fa270 mode 2

Classes loaded (20 events):
Event: 8.739 Loading class java/nio/file/FileVisitResult
Event: 8.741 Loading class java/nio/file/FileVisitResult done
Event: 8.805 Loading class java/util/stream/IntStream
Event: 8.805 Loading class java/util/stream/IntStream done
Event: 8.805 Loading class java/util/stream/Streams$RangeIntSpliterator
Event: 8.805 Loading class java/util/stream/Streams$RangeIntSpliterator done
Event: 8.805 Loading class java/util/stream/IntPipeline$Head
Event: 8.805 Loading class java/util/stream/IntPipeline
Event: 8.806 Loading class java/util/stream/IntPipeline done
Event: 8.806 Loading class java/util/stream/IntPipeline$Head done
Event: 8.807 Loading class java/util/function/IntConsumer
Event: 8.808 Loading class java/util/function/IntConsumer done
Event: 8.846 Loading class java/security/CodeSigner
Event: 8.846 Loading class java/security/CodeSigner done
Event: 8.911 Loading class jdk/internal/loader/URLClassPath$FileLoader
Event: 8.912 Loading class jdk/internal/loader/URLClassPath$FileLoader done
Event: 8.921 Loading class jdk/internal/loader/URLClassPath$FileLoader$1
Event: 8.921 Loading class jdk/internal/loader/URLClassPath$FileLoader$1 done
Event: 8.939 Loading class java/beans/Transient
Event: 8.939 Loading class java/beans/Transient done

Classes unloaded (0 events):
No events

Classes redefined (0 events):
No events

Internal exceptions (20 events):
Event: 8.568 Thread 0x000001f2da026e40 Exception <a 'java/lang/NoSuchMethodError'{0x0000000085e631b8}: 'java.lang.Object java.lang.invoke.DelegatingMethodHandle$Holder.reinvoke_L(java.lang.Object, java.lang.Object, java.lang.Object, java.lang.Object, java.lang.Object, java.lang.Object, java.lang.Object, java.lang.Object, java.lang.Object, java.lang.Object, java.lang.Object, java.lang.Object, java.lang.Object, java.lang.Object, java.lang.Object, java.lang.Object, java.lang.Object, java.lang.Object, java.lang.Object, java.lang.Object, java.lang.O
Event: 8.576 Thread 0x000001f2da026e40 Exception <a 'java/lang/NoSuchMethodError'{0x0000000085d5dbd0}: 'java.lang.Object java.lang.invoke.DirectMethodHandle$Holder.invokeStatic(java.lang.Object, java.lang.Object, java.lang.Object, java.lang.Object, java.lang.Object, java.lang.Object, java.lang.Object, java.lang.Object, java.lang.Object, java.lang.Object, java.lang.Object, java.lang.Object, java.lang.Object, java.lang.Object, java.lang.Object, java.lang.Object, java.lang.Object, java.lang.Object, java.lang.Object, java.lang.Object, java.lang.Obj
Event: 8.578 Thread 0x000001f2da026e40 Exception <a 'java/lang/NoSuchMethodError'{0x0000000085d96680}: 'java.lang.Object java.lang.invoke.DirectMethodHandle$Holder.invokeStatic(java.lang.Object, java.lang.Object, java.lang.Object, java.lang.Object, java.lang.Object, java.lang.Object, java.lang.Object, java.lang.Object, java.lang.Object, java.lang.Object, java.lang.Object, java.lang.Object, java.lang.Object, java.lang.Object, java.lang.Object, java.lang.Object, java.lang.Object, java.lang.Object, java.lang.Object, java.lang.Object, java.lang.Obj
Event: 8.580 Thread 0x000001f2da026e40 Exception <a 'java/lang/NoSuchMethodError'{0x0000000085dd1f28}: 'java.lang.Object java.lang.invoke.DirectMethodHandle$Holder.invokeStatic(java.lang.Object, java.lang.Object, java.lang.Object, java.lang.Object, java.lang.Object, java.lang.Object, java.lang.Object, java.lang.Object, java.lang.Object, java.lang.Object, java.lang.Object, java.lang.Object, java.lang.Object, java.lang.Object, java.lang.Object, java.lang.Object, java.lang.Object, java.lang.Object, java.lang.Object, java.lang.Object, java.lang.Obj
Event: 8.583 Thread 0x000001f2da026e40 Exception <a 'java/lang/NoSuchMethodError'{0x0000000085c0f840}: 'java.lang.Object java.lang.invoke.DirectMethodHandle$Holder.invokeStatic(java.lang.Object, java.lang.Object, java.lang.Object, java.lang.Object, java.lang.Object, java.lang.Object, java.lang.Object, java.lang.Object, java.lang.Object, java.lang.Object, java.lang.Object, java.lang.Object, java.lang.Object, java.lang.Object, java.lang.Object, java.lang.Object, java.lang.Object, java.lang.Object, java.lang.Object, java.lang.Object, java.lang.Obj
Event: 8.628 Thread 0x000001f2da026e40 Exception <a 'java/lang/NoSuchMethodError'{0x00000000841b5c78}: 'java.lang.Object java.lang.invoke.DirectMethodHandle$Holder.newInvokeSpecial(java.lang.Object, java.lang.Object, java.lang.Object, java.lang.Object, java.lang.Object, java.lang.Object, java.lang.Object, java.lang.Object, java.lang.Object)'> (0x00000000841b5c78) 
thrown [s\src\hotspot\share\interpreter\linkResolver.cpp, line 784]
Event: 8.692 Thread 0x000001f2da026e40 Exception <a 'java/lang/IncompatibleClassChangeError'{0x0000000083e506e8}: Found class java.lang.Object, but interface was expected> (0x0000000083e506e8) 
thrown [s\src\hotspot\share\interpreter\linkResolver.cpp, line 851]
Event: 8.713 Thread 0x000001f2da026e40 Exception <a 'sun/nio/fs/WindowsException'{0x0000000083ed3728}> (0x0000000083ed3728) 
thrown [s\src\hotspot\share\prims\jni.cpp, line 537]
Event: 8.723 Thread 0x000001f2da026e40 Exception <a 'java/lang/NoSuchMethodError'{0x0000000083d969f0}: 'java.lang.Object java.lang.invoke.DirectMethodHandle$Holder.newInvokeSpecial(java.lang.Object, java.lang.Object, long)'> (0x0000000083d969f0) 
thrown [s\src\hotspot\share\interpreter\linkResolver.cpp, line 784]
Event: 8.723 Thread 0x000001f2da026e40 Exception <a 'java/lang/NoSuchMethodError'{0x0000000083d9afd8}: 'java.lang.Object java.lang.invoke.Invokers$Holder.linkToTargetMethod(java.lang.Object, long, java.lang.Object)'> (0x0000000083d9afd8) 
thrown [s\src\hotspot\share\interpreter\linkResolver.cpp, line 784]
Event: 8.783 Thread 0x000001f2da026e40 Exception <a 'java/lang/NoSuchMethodError'{0x0000000083b6a758}: 'int java.lang.invoke.DirectMethodHandle$Holder.invokeInterface(java.lang.Object, java.lang.Object)'> (0x0000000083b6a758) 
thrown [s\src\hotspot\share\interpreter\linkResolver.cpp, line 784]
Event: 8.803 Thread 0x000001f2da026e40 Exception <a 'java/lang/NoSuchMethodError'{0x0000000083bed3c8}: 'java.lang.Object java.lang.invoke.DirectMethodHandle$Holder.invokeVirtual(java.lang.Object, java.lang.Object, int)'> (0x0000000083bed3c8) 
thrown [s\src\hotspot\share\interpreter\linkResolver.cpp, line 784]
Event: 8.808 Thread 0x000001f2da026e40 Exception <a 'java/lang/NoSuchMethodError'{0x0000000083a1f4c0}: 'void java.lang.invoke.DirectMethodHandle$Holder.invokeStatic(java.lang.Object, java.lang.Object, java.lang.Object, int)'> (0x0000000083a1f4c0) 
thrown [s\src\hotspot\share\interpreter\linkResolver.cpp, line 784]
Event: 8.820 Thread 0x000001f2da026e40 Exception <a 'sun/nio/fs/WindowsException'{0x0000000083a8e290}> (0x0000000083a8e290) 
thrown [s\src\hotspot\share\prims\jni.cpp, line 537]
Event: 8.822 Thread 0x000001f2da026e40 Exception <a 'java/lang/NoSuchMethodError'{0x0000000083aa3668}: 'java.lang.Object java.lang.invoke.DirectMethodHandle$Holder.invokeStatic(java.lang.Object, java.lang.Object, int, java.lang.Object)'> (0x0000000083aa3668) 
thrown [s\src\hotspot\share\interpreter\linkResolver.cpp, line 784]
Event: 8.823 Thread 0x000001f2da026e40 Exception <a 'java/lang/NoSuchMethodError'{0x0000000083aaaa50}: 'java.lang.Object java.lang.invoke.DirectMethodHandle$Holder.newInvokeSpecial(java.lang.Object, java.lang.Object, int, java.lang.Object)'> (0x0000000083aaaa50) 
thrown [s\src\hotspot\share\interpreter\linkResolver.cpp, line 784]
Event: 8.823 Thread 0x000001f2da026e40 Exception <a 'java/lang/NoSuchMethodError'{0x0000000083aaf438}: 'java.lang.Object java.lang.invoke.DirectMethodHandle$Holder.invokeSpecial(java.lang.Object, java.lang.Object, java.lang.Object, int, java.lang.Object)'> (0x0000000083aaf438) 
thrown [s\src\hotspot\share\interpreter\linkResolver.cpp, line 784]
Event: 8.858 Thread 0x000001f2da026e40 Exception <a 'sun/nio/fs/WindowsException'{0x0000000083840c08}> (0x0000000083840c08) 
thrown [s\src\hotspot\share\prims\jni.cpp, line 537]
Event: 8.907 Thread 0x000001f2da026e40 Exception <a 'java/lang/NoSuchMethodError'{0x00000000838ff858}: 'void java.lang.invoke.DirectMethodHandle$Holder.invokeInterface(java.lang.Object, java.lang.Object, java.lang.Object, java.lang.Object, java.lang.Object, java.lang.Object, java.lang.Object)'> (0x00000000838ff858) 
thrown [s\src\hotspot\share\interpreter\linkResolver.cpp, line 784]
Event: 8.907 Thread 0x000001f2da026e40 Exception <a 'java/lang/NoSuchMethodError'{0x000000008374fb18}: 'void java.lang.invoke.DelegatingMethodHandle$Holder.reinvoke_L(java.lang.Object, java.lang.Object, java.lang.Object, java.lang.Object, java.lang.Object, java.lang.Object, java.lang.Object)'> (0x000000008374fb18) 
thrown [s\src\hotspot\share\interpreter\linkResolver.cpp, line 784]

ZGC Phase Switch (0 events):
No events

VM Operations (20 events):
Event: 7.425 Executing VM operation: CollectForMetadataAllocation (Metadata GC Threshold)
Event: 7.436 Executing VM operation: CollectForMetadataAllocation (Metadata GC Threshold) done
Event: 7.474 Executing VM operation: G1PauseRemark
Event: 7.480 Executing VM operation: G1PauseRemark done
Event: 7.496 Executing VM operation: G1PauseCleanup
Event: 7.496 Executing VM operation: G1PauseCleanup done
Event: 7.989 Executing VM operation: HandshakeAllThreads (Deoptimize)
Event: 7.989 Executing VM operation: HandshakeAllThreads (Deoptimize) done
Event: 8.179 Executing VM operation: HandshakeAllThreads (Deoptimize)
Event: 8.179 Executing VM operation: HandshakeAllThreads (Deoptimize) done
Event: 8.430 Executing VM operation: G1CollectForAllocation (G1 Evacuation Pause)
Event: 8.442 Executing VM operation: G1CollectForAllocation (G1 Evacuation Pause) done
Event: 8.697 Executing VM operation: HandshakeAllThreads (Deoptimize)
Event: 8.697 Executing VM operation: HandshakeAllThreads (Deoptimize) done
Event: 8.721 Executing VM operation: HandshakeAllThreads (Deoptimize)
Event: 8.722 Executing VM operation: HandshakeAllThreads (Deoptimize) done
Event: 8.922 Executing VM operation: HandshakeAllThreads (Deoptimize)
Event: 8.922 Executing VM operation: HandshakeAllThreads (Deoptimize) done
Event: 8.923 Executing VM operation: HandshakeAllThreads (Deoptimize)
Event: 8.923 Executing VM operation: HandshakeAllThreads (Deoptimize) done

Memory protections (0 events):
No events

Nmethod flushes (20 events):
Event: 7.479 Thread 0x000001f2d31bc8d0 flushing  nmethod 0x000001f2bf5b9b90
Event: 7.479 Thread 0x000001f2d31bc8d0 flushing  nmethod 0x000001f2bf5c2110
Event: 7.479 Thread 0x000001f2d31bc8d0 flushing  nmethod 0x000001f2bf5e4d90
Event: 7.479 Thread 0x000001f2d31bc8d0 flushing  nmethod 0x000001f2bf5e5110
Event: 7.479 Thread 0x000001f2d31bc8d0 flushing  nmethod 0x000001f2bf5e6710
Event: 7.479 Thread 0x000001f2d31bc8d0 flushing  nmethod 0x000001f2bf614a90
Event: 7.479 Thread 0x000001f2d31bc8d0 flushing  nmethod 0x000001f2bf64c010
Event: 7.479 Thread 0x000001f2d31bc8d0 flushing  nmethod 0x000001f2bf650610
Event: 7.479 Thread 0x000001f2d31bc8d0 flushing  nmethod 0x000001f2bf67c310
Event: 7.479 Thread 0x000001f2d31bc8d0 flushing  nmethod 0x000001f2bf6bba90
Event: 7.479 Thread 0x000001f2d31bc8d0 flushing  nmethod 0x000001f2bf6bc290
Event: 7.479 Thread 0x000001f2d31bc8d0 flushing  nmethod 0x000001f2bf710590
Event: 7.479 Thread 0x000001f2d31bc8d0 flushing  nmethod 0x000001f2bf714c10
Event: 7.479 Thread 0x000001f2d31bc8d0 flushing  nmethod 0x000001f2bf792e10
Event: 7.479 Thread 0x000001f2d31bc8d0 flushing  nmethod 0x000001f2bf793690
Event: 7.479 Thread 0x000001f2d31bc8d0 flushing  nmethod 0x000001f2bf793b90
Event: 7.479 Thread 0x000001f2d31bc8d0 flushing  nmethod 0x000001f2bf796510
Event: 7.479 Thread 0x000001f2d31bc8d0 flushing  nmethod 0x000001f2bf798210
Event: 7.479 Thread 0x000001f2d31bc8d0 flushing  nmethod 0x000001f2bf7e0110
Event: 7.479 Thread 0x000001f2d31bc8d0 flushing  nmethod 0x000001f2bf7f6e90

Events (20 events):
Event: 4.057 Thread 0x000001f2da026e40 Thread added: 0x000001f2da024d70
Event: 4.077 Thread 0x000001f2da026e40 Thread added: 0x000001f2da025a90
Event: 4.091 Thread 0x000001f2da026e40 Thread added: 0x000001f2da0274d0
Event: 4.195 Thread 0x000001f2d353ce30 Thread exited: 0x000001f2d353ce30
Event: 4.544 Thread 0x000001f2d321a3e0 Thread added: 0x000001f2daa48770
Event: 4.892 Thread 0x000001f2da026e40 Thread added: 0x000001f2da025400
Event: 4.976 Thread 0x000001f2da026e40 Thread added: 0x000001f2da026120
Event: 5.082 Thread 0x000001f2da026e40 Thread added: 0x000001f2da0246e0
Event: 7.344 Thread 0x000001f2da026e40 Thread added: 0x000001f2dbc68d60
Event: 7.384 Thread 0x000001f2da026e40 Thread added: 0x000001f2dbc679b0
Event: 7.563 Thread 0x000001f2daa48770 Thread exited: 0x000001f2daa48770
Event: 7.787 Thread 0x000001f2da026e40 Thread added: 0x000001f2dbc693f0
Event: 7.795 Thread 0x000001f2da026e40 Thread added: 0x000001f2dbc69a80
Event: 8.031 Thread 0x000001f2da026e40 Thread added: 0x000001f2dbc66600
Event: 8.101 Thread 0x000001f2da026e40 Thread added: 0x000001f2dbc68040
Event: 8.450 Thread 0x000001f2da026e40 Thread added: 0x000001f2dbc66c90
Event: 8.530 Thread 0x000001f2da026e40 Thread added: 0x000001f2dbc6a7a0
Event: 8.735 Thread 0x000001f2d321a3e0 Thread added: 0x000001f2dc4866f0
Event: 8.824 Thread 0x000001f2da026e40 Thread added: 0x000001f2dbc67320
Event: 8.886 Thread 0x000001f2da026e40 Thread added: 0x000001f2dbc6c870


Dynamic libraries:
0x00007ff7fa900000 - 0x00007ff7fa90a000 	C:\Program Files\Android\Android Studio\jbr\bin\java.exe
0x00007ffb2f540000 - 0x00007ffb2f7a7000 	C:\Windows\SYSTEM32\ntdll.dll
0x00007ffb2e7e0000 - 0x00007ffb2e8a9000 	C:\Windows\System32\KERNEL32.DLL
0x00007ffb2c0e0000 - 0x00007ffb2c4d1000 	C:\Windows\System32\KERNELBASE.dll
0x00007ffb2bee0000 - 0x00007ffb2c02b000 	C:\Windows\System32\ucrtbase.dll
0x00007ffb26150000 - 0x00007ffb2616b000 	C:\Program Files\Android\Android Studio\jbr\bin\VCRUNTIME140.dll
0x00007ffb1fe50000 - 0x00007ffb1fe68000 	C:\Program Files\Android\Android Studio\jbr\bin\jli.dll
0x00007ffb2d7f0000 - 0x00007ffb2d9b5000 	C:\Windows\System32\USER32.dll
0x00007ffb2c8d0000 - 0x00007ffb2c8f7000 	C:\Windows\System32\win32u.dll
0x00007ffb2ded0000 - 0x00007ffb2defb000 	C:\Windows\System32\GDI32.dll
0x00007ffb2c660000 - 0x00007ffb2c78b000 	C:\Windows\System32\gdi32full.dll
0x00007ffb2c030000 - 0x00007ffb2c0d3000 	C:\Windows\System32\msvcp_win.dll
0x00007ffb19ad0000 - 0x00007ffb19d63000 	C:\Windows\WinSxS\amd64_microsoft.windows.common-controls_6595b64144ccf1df_6.0.26100.8037_none_3e092faae333b53b\COMCTL32.dll
0x00007ffb2f150000 - 0x00007ffb2f1f9000 	C:\Windows\System32\msvcrt.dll
0x00007ffb2e770000 - 0x00007ffb2e7a1000 	C:\Windows\System32\IMM32.DLL
0x00007ffb29500000 - 0x00007ffb2950c000 	C:\Program Files\Android\Android Studio\jbr\bin\vcruntime140_1.dll
0x00007ffb12e30000 - 0x00007ffb12ebd000 	C:\Program Files\Android\Android Studio\jbr\bin\msvcp140.dll
0x00007ffac8460000 - 0x00007ffac90f6000 	C:\Program Files\Android\Android Studio\jbr\bin\server\jvm.dll
0x00007ffb2ef20000 - 0x00007ffb2efdb000 	C:\Windows\System32\ADVAPI32.dll
0x00007ffb2efe0000 - 0x00007ffb2f087000 	C:\Windows\System32\sechost.dll
0x00007ffb2f200000 - 0x00007ffb2f318000 	C:\Windows\System32\RPCRT4.dll
0x00007ffb2e8b0000 - 0x00007ffb2e924000 	C:\Windows\System32\WS2_32.dll
0x00007ffb2bca0000 - 0x00007ffb2bcfe000 	C:\Windows\SYSTEM32\POWRPROF.dll
0x00007ffb18100000 - 0x00007ffb18135000 	C:\Windows\SYSTEM32\WINMM.dll
0x00007ffb1dac0000 - 0x00007ffb1dacb000 	C:\Windows\SYSTEM32\VERSION.dll
0x00007ffb2bc80000 - 0x00007ffb2bc94000 	C:\Windows\SYSTEM32\UMPDC.dll
0x00007ffb2ab70000 - 0x00007ffb2ab8b000 	C:\Windows\SYSTEM32\kernel.appcore.dll
0x00007ffb26bd0000 - 0x00007ffb26bda000 	C:\Program Files\Android\Android Studio\jbr\bin\jimage.dll
0x00007ffb160e0000 - 0x00007ffb16322000 	C:\Windows\SYSTEM32\DBGHELP.DLL
0x00007ffb2e930000 - 0x00007ffb2ecb2000 	C:\Windows\System32\combase.dll
0x00007ffb2ecc0000 - 0x00007ffb2ed97000 	C:\Windows\System32\OLEAUT32.dll
0x00007ffb1aa10000 - 0x00007ffb1aa4b000 	C:\Windows\SYSTEM32\dbgcore.DLL
0x00007ffb2c790000 - 0x00007ffb2c835000 	C:\Windows\System32\bcryptPrimitives.dll
0x00007ffb1fe40000 - 0x00007ffb1fe4e000 	C:\Program Files\Android\Android Studio\jbr\bin\instrument.dll
0x00007ffb1fd00000 - 0x00007ffb1fd20000 	C:\Program Files\Android\Android Studio\jbr\bin\java.dll
0x00007ffb1fce0000 - 0x00007ffb1fcf8000 	C:\Program Files\Android\Android Studio\jbr\bin\zip.dll
0x00007ffb2e000000 - 0x00007ffb2e75f000 	C:\Windows\System32\SHELL32.dll
0x00007ffb2c900000 - 0x00007ffb2ca6a000 	C:\Windows\System32\wintypes.dll
0x00007ffb2ca70000 - 0x00007ffb2d2d4000 	C:\Windows\System32\windows.storage.dll
0x00007ffb2df00000 - 0x00007ffb2dff7000 	C:\Windows\System32\SHCORE.dll
0x00007ffb2d780000 - 0x00007ffb2d7e7000 	C:\Windows\System32\shlwapi.dll
0x00007ffb2bd40000 - 0x00007ffb2bd69000 	C:\Windows\SYSTEM32\profapi.dll
0x00007ffb1f200000 - 0x00007ffb1f210000 	C:\Program Files\Android\Android Studio\jbr\bin\net.dll
0x00007ffb25b70000 - 0x00007ffb25c97000 	C:\Windows\SYSTEM32\WINHTTP.dll
0x00007ffb2b0c0000 - 0x00007ffb2b12b000 	C:\Windows\system32\mswsock.dll
0x00007ffb1b7f0000 - 0x00007ffb1b806000 	C:\Program Files\Android\Android Studio\jbr\bin\nio.dll
0x00007ffb19e60000 - 0x00007ffb19e70000 	C:\Program Files\Android\Android Studio\jbr\bin\verify.dll
0x00007ffb12fc0000 - 0x00007ffb12fe7000 	C:\Users\laert\.gradle\native\660c5614fbf4a5f2a75b1949f50a0caf5cd603558e7d8a26e50b933a0cfb79d1\windows-amd64\native-platform.dll
0x00007ffb0fcf0000 - 0x00007ffb0fd67000 	C:\Users\laert\.gradle\native\0.2.8\x86_64-windows-gnu\gradle-fileevents.dll
0x00007ffb1baf0000 - 0x00007ffb1baf9000 	C:\Program Files\Android\Android Studio\jbr\bin\management.dll
0x00007ffb1b9e0000 - 0x00007ffb1b9eb000 	C:\Program Files\Android\Android Studio\jbr\bin\management_ext.dll
0x00007ffb2d770000 - 0x00007ffb2d778000 	C:\Windows\System32\PSAPI.DLL
0x00007ffb2a560000 - 0x00007ffb2a593000 	C:\Windows\SYSTEM32\IPHLPAPI.DLL
0x00007ffb2edb0000 - 0x00007ffb2edba000 	C:\Windows\System32\NSI.dll
0x00007ffb1f1f0000 - 0x00007ffb1f1f9000 	C:\Program Files\Android\Android Studio\jbr\bin\extnet.dll
0x00007ffb2b4c0000 - 0x00007ffb2b4db000 	C:\Windows\SYSTEM32\CRYPTSP.dll
0x00007ffb2aad0000 - 0x00007ffb2ab09000 	C:\Windows\system32\rsaenh.dll
0x00007ffb2b170000 - 0x00007ffb2b1a2000 	C:\Windows\SYSTEM32\USERENV.dll
0x00007ffb2bd10000 - 0x00007ffb2bd3a000 	C:\Windows\SYSTEM32\bcrypt.dll
0x00007ffb2b320000 - 0x00007ffb2b32c000 	C:\Windows\SYSTEM32\CRYPTBASE.dll
0x00007ffaec850000 - 0x00007ffaec858000 	C:\Windows\system32\wshunix.dll

JVMTI agents:
C:\Users\laert\.gradle\wrapper\dists\gradle-9.3.1-bin\23ovyewtku6u96viwx3xl3oks\gradle-9.3.1\lib\agents\gradle-instrumentation-agent-9.3.1.jar path:C:\Program Files\Android\Android Studio\jbr\bin\instrument.dll, loaded, initialized, instrumentlib options:none

dbghelp: loaded successfully - version: 4.0.5 - missing functions: none
symbol engine: initialized successfully - sym options: 0x614 - pdb path: .;C:\Program Files\Android\Android Studio\jbr\bin;C:\Windows\SYSTEM32;C:\Windows\WinSxS\amd64_microsoft.windows.common-controls_6595b64144ccf1df_6.0.26100.8037_none_3e092faae333b53b;C:\Program Files\Android\Android Studio\jbr\bin\server;C:\Users\laert\.gradle\native\660c5614fbf4a5f2a75b1949f50a0caf5cd603558e7d8a26e50b933a0cfb79d1\windows-amd64;C:\Users\laert\.gradle\native\0.2.8\x86_64-windows-gnu

VM Arguments:
jvm_args: --add-opens=java.base/java.lang=ALL-UNNAMED --add-opens=java.base/java.lang.invoke=ALL-UNNAMED --add-opens=java.base/java.util=ALL-UNNAMED --add-opens=java.prefs/java.util.prefs=ALL-UNNAMED --add-exports=jdk.compiler/com.sun.tools.javac.api=ALL-UNNAMED --add-exports=jdk.compiler/com.sun.tools.javac.util=ALL-UNNAMED --add-opens=java.base/java.util=ALL-UNNAMED --add-opens=java.prefs/java.util.prefs=ALL-UNNAMED --add-opens=java.base/java.nio.charset=ALL-UNNAMED --add-opens=java.base/java.net=ALL-UNNAMED --add-opens=java.base/java.util.concurrent=ALL-UNNAMED --add-opens=java.base/java.util.concurrent.atomic=ALL-UNNAMED --add-opens=java.xml/javax.xml.namespace=ALL-UNNAMED --add-opens=java.base/java.time=ALL-UNNAMED -Xmx2048m -Dfile.encoding=UTF-8 -Duser.country=AL -Duser.language=sq -Duser.variant -javaagent:C:\Users\laert\.gradle\wrapper\dists\gradle-9.3.1-bin\23ovyewtku6u96viwx3xl3oks\gradle-9.3.1\lib\agents\gradle-instrumentation-agent-9.3.1.jar 
java_command: org.gradle.launcher.daemon.bootstrap.GradleDaemon 9.3.1
java_class_path (initial): C:\Users\laert\.gradle\wrapper\dists\gradle-9.3.1-bin\23ovyewtku6u96viwx3xl3oks\gradle-9.3.1\lib\gradle-daemon-main-9.3.1.jar
Launcher Type: SUN_STANDARD

[Global flags]
     intx CICompilerCount                          = 3                                         {product} {ergonomic}
     uint ConcGCThreads                            = 1                                         {product} {ergonomic}
     uint G1ConcRefinementThreads                  = 4                                         {product} {ergonomic}
   size_t G1HeapRegionSize                         = 1048576                                   {product} {ergonomic}
    uintx GCDrainStackTargetSize                   = 64                                        {product} {ergonomic}
   size_t InitialHeapSize                          = 132120576                                 {product} {ergonomic}
   size_t MarkStackSize                            = 4194304                                   {product} {ergonomic}
   size_t MaxHeapSize                              = 2147483648                                {product} {command line}
   size_t MaxNewSize                               = 1287651328                                {product} {ergonomic}
   size_t MinHeapDeltaBytes                        = 1048576                                   {product} {ergonomic}
   size_t MinHeapSize                              = 8388608                                   {product} {ergonomic}
    uintx NonNMethodCodeHeapSize                   = 5832780                                {pd product} {ergonomic}
    uintx NonProfiledCodeHeapSize                  = 122912730                              {pd product} {ergonomic}
    uintx ProfiledCodeHeapSize                     = 122912730                              {pd product} {ergonomic}
    uintx ReservedCodeCacheSize                    = 251658240                              {pd product} {ergonomic}
     bool SegmentedCodeCache                       = true                                      {product} {ergonomic}
   size_t SoftMaxHeapSize                          = 2147483648                             {manageable} {ergonomic}
     bool UseCompressedOops                        = true                           {product lp64_product} {ergonomic}
     bool UseG1GC                                  = true                                      {product} {ergonomic}
     bool UseLargePagesIndividualAllocation        = false                                  {pd product} {ergonomic}

Logging:
Log output configuration:
 #0: stdout all=warning uptime,level,tags foldmultilines=false
 #1: stderr all=off uptime,level,tags foldmultilines=false

Release file:
JAVA_VERSION="21.0.9" 
MODULES="java.base java.compiler java.datatransfer java.xml java.prefs java.desktop java.instrument java.logging java.management java.security.sasl java.naming java.rmi java.management.rmi java.net.http java.scripting java.security.jgss java.transaction.xa java.sql java.sql.rowset java.xml.crypto java.se java.smartcardio jdk.accessibility jdk.internal.jvmstat jdk.attach jdk.charsets jdk.internal.opt jdk.zipfs jdk.compiler jdk.crypto.ec jdk.crypto.cryptoki jdk.dynalink jdk.hotspot.agent jdk.httpserver jdk.internal.ed jdk.internal.le jdk.internal.vm.ci jdk.jartool jdk.javadoc jdk.jcmd jdk.jdeps jdk.jdwp.agent jdk.jdi jdk.jfr jdk.jlink jdk.jsobject jdk.localedata jdk.management jdk.management.agent jdk.management.jfr jdk.naming.dns jdk.naming.rmi jdk.net jdk.sctp jdk.security.auth jdk.security.jgss jdk.unsupported jdk.unsupported.desktop jdk.xml.dom" 
IMPLEMENTOR="JetBrains s.r.o." 
JAVA_RUNTIME_VERSION="21.0.9+-14787801-b1163.94" 
LIBC="default" 
OS_ARCH="x86_64" 
OS_NAME="Windows" 
SOURCE=".:git:0c757ddc9f2f" 

Environment Variables:
PATH=C:\Program Files (x86)\Common Files\Oracle\Java\java8path;C:\Program Files (x86)\Common Files\Oracle\Java\javapath;C:\Windows\system32;C:\Windows;C:\Windows\System32\Wbem;C:\Windows\System32\WindowsPowerShell\v1.0\;C:\Windows\System32\OpenSSH\;C:\Users\laert\Downloads\platform-tools;C:\Program Files\Git\cmd;C:\Program Files (x86)\ZeroTier\One\;C:\Users\laert\AppData\Local\Microsoft\WindowsApps;C:\Users\laert\AppData\Local\Programs\Microsoft VS Code\bin;C:\Users\laert\Downloads\platform-tools;
USERNAME=Laert
OS=Windows_NT
PROCESSOR_IDENTIFIER=Intel64 Family 6 Model 58 Stepping 9, GenuineIntel
TMP=C:\Users\laert\AppData\Local\Temp
TEMP=C:\Users\laert\AppData\Local\Temp




Periodic native trim disabled

JNI global refs:
JNI global refs: 24, weak refs: 0

JNI global refs memory usage: 835, weak refs: 833

Process memory usage:
Resident Set Size: 243020K (2% of 8250016K total physical memory with 1772280K free physical memory)

OOME stack traces (most recent first):
Classloader memory used:
Loader org.gradle.internal.classloader.VisitableURLClassLoader                         : 21162K
Loader bootstrap                                                                       : 19228K
Loader org.gradle.initialization.MixInLegacyTypesClassLoader                           : 4411K
Loader jdk.internal.loader.ClassLoaders$AppClassLoader                                 : 229K
Loader jdk.internal.loader.ClassLoaders$PlatformClassLoader                            : 147K
Loader org.gradle.groovy.scripts.internal.DefaultScriptCompilationHandler$ScriptClassLoader: 4824B

Classes loaded by more than one classloader:
Class org.gradle.internal.classloader.FilteringClassLoader                            : loaded 2 times (x 105B)
Class org.gradle.internal.classloader.ClassLoaderHierarchy                            : loaded 2 times (x 70B)
Class org.gradle.api.internal.classpath.ManifestUtil                                  : loaded 2 times (x 71B)
Class org.gradle.internal.classloader.DefaultClassLoaderFactory                       : loaded 2 times (x 82B)
Class org.gradle.internal.classloader.ClassLoaderVisitor                              : loaded 2 times (x 76B)
Class org.gradle.api.internal.classpath.EffectiveClassPath                            : loaded 2 times (x 90B)
Class org.gradle.api.internal.DefaultClassPathProvider                                : loaded 2 times (x 76B)
Class [Lorg.gradle.api.internal.ClassPathProvider;                                    : loaded 2 times (x 69B)
Class org.gradle.api.internal.ClassPathProvider                                       : loaded 2 times (x 70B)
Class org.gradle.internal.service.UnknownServiceException                             : loaded 2 times (x 83B)
Class org.gradle.internal.classpath.TransformedClassPath                              : loaded 2 times (x 96B)
Class org.gradle.internal.classloader.InstrumentingClassLoader                        : loaded 2 times (x 70B)
Class org.gradle.internal.service.ServiceLocator                                      : loaded 2 times (x 70B)
Class org.gradle.internal.classloader.ClasspathUtil$1                                 : loaded 2 times (x 76B)
Class org.gradle.api.internal.classpath.DefaultModuleRegistry$DefaultModule           : loaded 2 times (x 86B)
Class org.gradle.api.internal.classpath.Module                                        : loaded 2 times (x 70B)
Class org.gradle.api.internal.classpath.UnknownModuleException                        : loaded 2 times (x 82B)
Class org.gradle.api.internal.DefaultClassPathRegistry                                : loaded 2 times (x 76B)
Class org.gradle.api.internal.ClassPathRegistry                                       : loaded 2 times (x 70B)
Class org.gradle.internal.classpath.DefaultClassPath$ImmutableUniqueList              : loaded 2 times (x 199B)
Class org.gradle.internal.classpath.ClassPath                                         : loaded 2 times (x 70B)
Class org.gradle.api.internal.classpath.ModuleRegistry                                : loaded 2 times (x 70B)
Class org.gradle.internal.installation.GradleInstallation$1                           : loaded 2 times (x 75B)
Class org.gradle.api.internal.classpath.DefaultModuleRegistry                         : loaded 2 times (x 86B)
Class org.gradle.internal.service.ServiceLookupException                              : loaded 2 times (x 82B)
Class org.gradle.internal.classloader.ClassLoaderFactory                              : loaded 2 times (x 70B)
Class org.gradle.internal.service.CachingServiceLocator                               : loaded 2 times (x 82B)
Class org.gradle.internal.classloader.ClasspathUtil                                   : loaded 2 times (x 71B)
Class org.gradle.api.specs.Spec                                                       : loaded 2 times (x 70B)
Class org.gradle.internal.classloader.VisitableURLClassLoader$InstrumentingVisitableURLClassLoader: loaded 2 times (x 123B)
Class org.gradle.internal.classloader.VisitableURLClassLoader$Spec                    : loaded 2 times (x 74B)
Class org.gradle.internal.classpath.DefaultClassPath                                  : loaded 2 times (x 90B)
Class org.gradle.internal.classloader.ClassLoaderSpec                                 : loaded 2 times (x 71B)
Class org.gradle.internal.classloader.VisitableURLClassLoader                         : loaded 2 times (x 117B)
Class org.gradle.internal.Cast                                                        : loaded 2 times (x 71B)
Class org.gradle.api.Action                                                           : loaded 2 times (x 70B)
Class org.gradle.internal.classpath.DefaultClassPath$ImmutableUniqueList$Builder      : loaded 2 times (x 75B)
Class org.gradle.api.GradleException                                                  : loaded 2 times (x 82B)
Class org.gradle.internal.IoActions                                                   : loaded 2 times (x 71B)
Class org.gradle.internal.classloader.SystemClassLoaderSpec                           : loaded 2 times (x 71B)
Class org.gradle.api.internal.classpath.GlobalCacheRootsProvider                      : loaded 2 times (x 70B)
Class org.gradle.internal.installation.CurrentGradleInstallationLocator               : loaded 2 times (x 71B)
Class org.gradle.internal.service.DefaultServiceLocator                               : loaded 2 times (x 83B)
Class org.gradle.internal.installation.CurrentGradleInstallation                      : loaded 2 times (x 73B)
Class org.gradle.util.internal.GUtil                                                  : loaded 2 times (x 71B)
Class org.gradle.internal.installation.GradleInstallation                             : loaded 2 times (x 75B)

---------------  S Y S T E M  ---------------

OS:
 Windows 11 , 64 bit Build 26100 (10.0.26100.7920)
OS uptime: 0 days 2:01 hours
Hyper-V role detected

CPU: total 4 (initial active 4) (2 cores per cpu, 2 threads per core) family 6 model 58 stepping 9 microcode 0x21, cx8, cmov, fxsr, ht, mmx, sse, sse2, sse3, ssse3, sse4.1, sse4.2, popcnt, tsc, tscinvbit, avx, aes, erms, clmul, vzeroupper, clflush, hv, rdtscp, f16c
Processor Information for the first 4 processors :
  Max Mhz: 2601, Current Mhz: 2601, Mhz Limit: 2601

Memory: 4k page, system-wide physical 8056M (1731M free)
TotalPageFile size 17282M (AvailPageFile size 5M)
current process WorkingSet (physical memory assigned to process): 237M, peak: 237M
current process commit charge ("private bytes"): 264M, peak: 264M

vm_info: OpenJDK 64-Bit Server VM (21.0.9+-14787801-b1163.94) for windows-amd64 JRE (21.0.9+-14787801-b1163.94), built on 2026-01-27T21:15:44Z by "builder" with MS VC++ 16.10 / 16.11 (VS2019)

END.
